<?xml version="1.0" encoding="UTF-8"?>
<!-- Generated by org.testng.reporters.JUnitReportReporter -->
<testsuite hostname="DESKTOP-TKS7PAT" failures="0" tests="1" name="TestCaseFile.TestCase" time="8.121" errors="0" timestamp="2024-09-18T16:35:53 IST" skipped="0">
  <testcase classname="TestCaseFile.TestCase" name="openurl" time="8.121"/>
</testsuite> <!-- TestCaseFile.TestCase -->
